2019-04-17 10:05:18 INFO  PluginTasksProjectComponent.projectOpened(77) - ---------- Project opened ----------
2019-04-17 10:05:18 INFO  PluginTasksProjectComponent.projectOpened(78) - ---------- Version 3.30 ----------

2019-04-17 10:05:18 INFO  PluginTasksProjectComponent.setAutoscrolls(366) - Autoscrolls successfully set
2019-04-17 10:05:20 INFO  ApacheHttpClient.isSessionAppropriateWithSecretKey(572) - The session is not set in the property file.
2019-04-17 10:05:20 INFO  ApacheHttpClient.logout(616) - Waiting for server response.
2019-04-17 10:05:20 INFO  ApacheHttpClient.login(238) - Waiting for server response.
2019-04-17 10:05:20 INFO  ApacheHttpClient.login(242) - responseCode = 200
2019-04-17 10:05:20 INFO  ApacheHttpClient.login(265) - JSESSIONID OK
2019-04-17 10:05:21 INFO  ApacheHttpClient.refreshUserInfo(293) - responseCode = 200
2019-04-17 10:05:21 INFO  ApacheHttpClient.refreshUserInfo(299) - User information received.
2019-04-17 10:05:21 INFO  ApacheHttpClient.startGA(35) - GAService started.
2019-04-17 10:05:21 INFO  AbstractRestApiClient.startService(71) - EventsService started.
2019-04-17 10:06:16 INFO  ApacheHttpClient.getWebResourceAsStream(485) - responseCode = 200
2019-04-17 10:06:18 INFO  ApacheHttpClient.getFilteredTasks(324) - responseCode = 200
2019-04-17 10:06:26 INFO  ApacheHttpClient.getFilteredTasks(324) - responseCode = 200
2019-04-17 10:06:28 INFO  ApacheHttpClient.getTaskTemplateInfo(341) - responseCode = 200
2019-04-17 10:06:30 INFO  ApacheHttpClient.testConnection(193) - responseCode = 200
2019-04-17 10:06:30 INFO  ApacheHttpClient.testConnection(208) - result = true
2019-04-17 10:06:31 INFO  ApacheHttpClient.testConnection(193) - responseCode = 200
2019-04-17 10:06:31 INFO  ApacheHttpClient.testConnection(208) - result = true
2019-04-17 10:06:31 INFO  ApacheHttpClient.getWebResourceAsStream(485) - responseCode = 200
2019-04-17 10:07:21 INFO  ApacheHttpClient.sendEvent(518) - responseCode = 200
2019-04-17 10:08:16 INFO  PluginTasksProjectComponent.projectClosing(188) - ---------- Project closed ----------

2019-04-17 10:08:16 INFO  ApacheHttpClient.getTask(471) - responseCode = 200
2019-04-17 10:08:43 INFO  PluginTasksProjectComponent.projectClosing(188) - ---------- Project closed ----------

2019-04-17 10:08:57 INFO  PluginTasksProjectComponent.projectOpened(77) - ---------- Project opened ----------
2019-04-17 10:08:57 INFO  PluginTasksProjectComponent.projectOpened(78) - ---------- Version 3.30 ----------

2019-04-17 10:08:58 INFO  ApacheHttpClient.isSessionAppropriateWithSecretKey(585) - Waiting for server response.
2019-04-17 10:08:59 INFO  ApacheHttpClient.refreshUserInfo(293) - responseCode = 200
2019-04-17 10:08:59 INFO  ApacheHttpClient.refreshUserInfo(299) - User information received.
2019-04-17 10:08:59 INFO  ApacheHttpClient.startGA(35) - GAService started.
2019-04-17 10:08:59 INFO  AbstractRestApiClient.startService(71) - EventsService started.
2019-04-17 10:09:01 INFO  ApacheHttpClient.testConnection(193) - responseCode = 200
2019-04-17 10:09:01 INFO  ApacheHttpClient.testConnection(208) - result = true
2019-04-17 10:09:02 INFO  ApacheHttpClient.testConnection(193) - responseCode = 200
2019-04-17 10:09:02 INFO  ApacheHttpClient.testConnection(208) - result = true
2019-04-17 10:09:03 INFO  ApacheHttpClient.getWebResourceAsStream(485) - responseCode = 200
2019-04-17 10:09:04 INFO  ApacheHttpClient.testConnection(193) - responseCode = 200
2019-04-17 10:09:04 INFO  ApacheHttpClient.testConnection(208) - result = true
2019-04-17 10:09:07 INFO  ApacheHttpClient.testConnection(193) - responseCode = 200
2019-04-17 10:09:07 INFO  ApacheHttpClient.testConnection(208) - result = true
2019-04-17 10:09:10 INFO  ApacheHttpClient.testConnection(193) - responseCode = 200
2019-04-17 10:09:10 INFO  ApacheHttpClient.testConnection(208) - result = true
2019-04-17 10:09:56 INFO  PluginTasksProjectComponent.projectClosing(188) - ---------- Project closed ----------

2019-04-17 10:09:57 INFO  ApacheHttpClient.getTask(471) - responseCode = 200
2019-04-17 10:09:59 INFO  PluginTasksProjectComponent.projectOpened(77) - ---------- Project opened ----------
2019-04-17 10:09:59 INFO  PluginTasksProjectComponent.projectOpened(78) - ---------- Version 3.30 ----------

2019-04-17 10:10:01 INFO  ApacheHttpClient.isSessionAppropriateWithSecretKey(585) - Waiting for server response.
2019-04-17 10:10:01 INFO  ApacheHttpClient.refreshUserInfo(293) - responseCode = 200
2019-04-17 10:10:01 INFO  ApacheHttpClient.refreshUserInfo(299) - User information received.
2019-04-17 10:10:01 INFO  ApacheHttpClient.startGA(35) - GAService started.
2019-04-17 10:10:01 INFO  AbstractRestApiClient.startService(71) - EventsService started.
2019-04-17 10:11:01 INFO  ApacheHttpClient.sendEvent(518) - responseCode = 200
2019-04-17 10:12:01 INFO  ApacheHttpClient.sendEvent(518) - responseCode = 200
2019-04-17 10:13:01 INFO  ApacheHttpClient.sendEvent(518) - responseCode = 200
2019-04-17 10:14:01 INFO  ApacheHttpClient.sendEvent(518) - responseCode = 200
2019-04-17 10:15:01 INFO  ApacheHttpClient.sendEvent(518) - responseCode = 200
2019-04-17 10:16:01 INFO  ApacheHttpClient.sendEvent(518) - responseCode = 200
2019-04-17 10:17:01 INFO  ApacheHttpClient.sendEvent(518) - responseCode = 200
2019-04-17 10:18:01 INFO  ApacheHttpClient.sendEvent(518) - responseCode = 200
2019-04-17 10:19:01 INFO  ApacheHttpClient.sendEvent(518) - responseCode = 200
2019-04-17 10:20:01 INFO  ApacheHttpClient.sendEvent(518) - responseCode = 200
2019-04-17 10:20:13 INFO  ApacheHttpClient.getWebResourceAsStream(485) - responseCode = 200
2019-04-17 10:20:14 INFO  ApacheHttpClient.getWebResourceAsStream(485) - responseCode = 200
2019-04-17 10:20:14 INFO  ApacheHttpClient.getTask(471) - responseCode = 200
2019-04-17 10:20:44 INFO  ApacheHttpClient.completed(28) - responseCode = 200
2019-04-17 10:21:01 INFO  ApacheHttpClient.sendEvent(518) - responseCode = 200
2019-04-17 10:22:02 INFO  ApacheHttpClient.sendEvent(518) - responseCode = 200
2019-04-17 10:23:01 INFO  ApacheHttpClient.sendEvent(518) - responseCode = 200
2019-04-17 10:24:01 INFO  ApacheHttpClient.sendEvent(518) - responseCode = 200
2019-04-17 10:24:11 INFO  ApacheHttpClient.getWebResourceAsStream(485) - responseCode = 200
2019-04-17 10:24:11 INFO  ApacheHttpClient.getFilteredTasks(324) - responseCode = 200
2019-04-17 10:24:20 INFO  ApacheHttpClient.getFilteredTasks(324) - responseCode = 200
2019-04-17 10:24:22 INFO  ApacheHttpClient.getTaskTemplateInfo(341) - responseCode = 200
2019-04-17 10:24:23 INFO  ApacheHttpClient.testConnection(193) - responseCode = 200
2019-04-17 10:24:24 INFO  ApacheHttpClient.testConnection(208) - result = true
2019-04-17 10:24:25 INFO  ApacheHttpClient.testConnection(193) - responseCode = 200
2019-04-17 10:24:25 INFO  ApacheHttpClient.testConnection(208) - result = true
2019-04-17 10:24:25 INFO  ApacheHttpClient.getWebResourceAsStream(485) - responseCode = 200
2019-04-17 10:24:27 INFO  ApacheHttpClient.testConnection(193) - responseCode = 200
2019-04-17 10:24:27 INFO  ApacheHttpClient.testConnection(208) - result = true
2019-04-17 10:24:57 INFO  ApacheHttpClient.testConnection(193) - responseCode = 200
2019-04-17 10:24:57 INFO  ApacheHttpClient.testConnection(208) - result = true
2019-04-17 10:25:01 INFO  ApacheHttpClient.sendEvent(518) - responseCode = 200
